<?xml version="1.0" encoding="UTF-8"?>
<!-- Generated by org.testng.reporters.JUnitXMLReporter -->
<testsuite ignored="3" hostname="DESKTOP-MVIO5TL" failures="0" tests="1" name="Default test" time="4.889" errors="0" timestamp="2024-07-11T21:44:37 IST">
  <testcase classname="api.test.UserTests" name="testPostuser" time="3.63"/>
  <testcase classname="api.test.UserTests" name="testgettuser" time="0.0">
    <ignored/>
  </testcase> <!-- testgettuser -->
  <testcase classname="api.test.UserTests" name="testupdatetuser" time="0.0">
    <ignored/>
  </testcase> <!-- testupdatetuser -->
  <testcase classname="api.test.UserTests" name="testdeleteuser" time="0.0">
    <ignored/>
  </testcase> <!-- testdeleteuser -->
</testsuite> <!-- Default test -->
