<?xml version="1.0" encoding="UTF-8"?>
<testng-results ignored="0" total="4" passed="4" failed="0" skipped="0">
  <reporter-output>
  </reporter-output>
  <suite started-at="2024-07-13T11:42:19 IST" name="PetSuite" finished-at="2024-07-13T11:42:26 IST" duration-ms="7765">
    <groups>
    </groups>
    <test started-at="2024-07-13T11:42:19 IST" name="PetTest" finished-at="2024-07-13T11:42:26 IST" duration-ms="7765">
      <class name="api.test.UserTests2">
        <test-method is-config="true" signature="setup()[pri:0, instance:api.test.UserTests2@55b7a4e0]" started-at="2024-07-13T11:42:19 IST" name="setup" finished-at="2024-07-13T11:42:19 IST" duration-ms="592" status="PASS">
          <reporter-output>
          </reporter-output>
        </test-method> <!-- setup -->
        <test-method signature="testPostuser()[pri:1, instance:api.test.UserTests2@55b7a4e0]" started-at="2024-07-13T11:42:19 IST" name="testPostuser" finished-at="2024-07-13T11:42:22 IST" duration-ms="2444" status="PASS">
          <reporter-output>
          </reporter-output>
        </test-method> <!-- testPostuser -->
        <test-method signature="testgettuser()[pri:2, instance:api.test.UserTests2@55b7a4e0]" started-at="2024-07-13T11:42:22 IST" name="testgettuser" finished-at="2024-07-13T11:42:23 IST" duration-ms="1143" status="PASS">
          <reporter-output>
          </reporter-output>
        </test-method> <!-- testgettuser -->
        <test-method signature="testupdatetuser()[pri:3, instance:api.test.UserTests2@55b7a4e0]" started-at="2024-07-13T11:42:23 IST" name="testupdatetuser" finished-at="2024-07-13T11:42:25 IST" duration-ms="2207" status="PASS">
          <reporter-output>
          </reporter-output>
        </test-method> <!-- testupdatetuser -->
        <test-method signature="testdeleteuser()[pri:4, instance:api.test.UserTests2@55b7a4e0]" started-at="2024-07-13T11:42:25 IST" name="testdeleteuser" finished-at="2024-07-13T11:42:26 IST" duration-ms="1116" status="PASS">
          <reporter-output>
          </reporter-output>
        </test-method> <!-- testdeleteuser -->
      </class> <!-- api.test.UserTests2 -->
    </test> <!-- PetTest -->
  </suite> <!-- PetSuite -->
</testng-results>
