<?xml version="1.0" encoding="UTF-8"?>
<testng-results ignored="0" total="4" passed="4" failed="0" skipped="0">
  <reporter-output>
  </reporter-output>
  <suite started-at="2024-07-12T22:52:16 IST" name="PetSuite" finished-at="2024-07-12T22:52:25 IST" duration-ms="9075">
    <groups>
    </groups>
    <test started-at="2024-07-12T22:52:16 IST" name="PetTest" finished-at="2024-07-12T22:52:25 IST" duration-ms="9075">
      <class name="api.test.UserTests2">
        <test-method is-config="true" signature="setup()[pri:0, instance:api.test.UserTests2@1a942c18]" started-at="2024-07-12T22:52:16 IST" name="setup" finished-at="2024-07-12T22:52:17 IST" duration-ms="772" status="PASS">
          <reporter-output>
          </reporter-output>
        </test-method> <!-- setup -->
        <test-method signature="testPostuser()[pri:1, instance:api.test.UserTests2@1a942c18]" started-at="2024-07-12T22:52:17 IST" name="testPostuser" finished-at="2024-07-12T22:52:20 IST" duration-ms="3074" status="PASS">
          <reporter-output>
          </reporter-output>
        </test-method> <!-- testPostuser -->
        <test-method signature="testgettuser()[pri:2, instance:api.test.UserTests2@1a942c18]" started-at="2024-07-12T22:52:20 IST" name="testgettuser" finished-at="2024-07-12T22:52:21 IST" duration-ms="1222" status="PASS">
          <reporter-output>
          </reporter-output>
        </test-method> <!-- testgettuser -->
        <test-method signature="testupdatetuser()[pri:3, instance:api.test.UserTests2@1a942c18]" started-at="2024-07-12T22:52:21 IST" name="testupdatetuser" finished-at="2024-07-12T22:52:24 IST" duration-ms="2352" status="PASS">
          <reporter-output>
          </reporter-output>
        </test-method> <!-- testupdatetuser -->
        <test-method signature="testdeleteuser()[pri:4, instance:api.test.UserTests2@1a942c18]" started-at="2024-07-12T22:52:24 IST" name="testdeleteuser" finished-at="2024-07-12T22:52:25 IST" duration-ms="1275" status="PASS">
          <reporter-output>
          </reporter-output>
        </test-method> <!-- testdeleteuser -->
      </class> <!-- api.test.UserTests2 -->
    </test> <!-- PetTest -->
  </suite> <!-- PetSuite -->
</testng-results>
