<?xml version="1.0" encoding="UTF-8"?>
<!-- Generated by org.testng.reporters.JUnitXMLReporter -->
<testsuite ignored="0" hostname="DESKTOP-MVIO5TL" failures="0" tests="4" name="PetTest" time="7.765" errors="0" timestamp="2024-07-13T11:42:27 IST">
  <testcase classname="api.test.UserTests2" name="testPostuser" time="2.444"/>
  <testcase classname="api.test.UserTests2" name="testgettuser" time="1.143"/>
  <testcase classname="api.test.UserTests2" name="testupdatetuser" time="2.207"/>
  <testcase classname="api.test.UserTests2" name="testdeleteuser" time="1.116"/>
</testsuite> <!-- PetTest -->
