<?xml version="1.0" encoding="UTF-8"?>
<!-- Generated by org.testng.reporters.JUnitXMLReporter -->
<testsuite ignored="0" hostname="DESKTOP-MVIO5TL" failures="0" tests="4" name="PetTest" time="9.075" errors="0" timestamp="2024-07-12T22:52:25 IST">
  <testcase classname="api.test.UserTests2" name="testPostuser" time="3.074"/>
  <testcase classname="api.test.UserTests2" name="testgettuser" time="1.222"/>
  <testcase classname="api.test.UserTests2" name="testupdatetuser" time="2.352"/>
  <testcase classname="api.test.UserTests2" name="testdeleteuser" time="1.275"/>
</testsuite> <!-- PetTest -->
